@!@!@STARTMSG 2262:0 @!@!@
TLC2 Version 2.13 of 18 July 2018
@!@!@ENDMSG 2262 @!@!@
@!@!@STARTMSG 2187:0 @!@!@
Running breadth-first search Model-Checking with seed -918371991409106133 with 2 workers on 4 cores with 304MB heap and 683MB offheap memory (Linux 4.18.0-12-generic amd64, Oracle Corporation 1.8.0_191 x86_64).
@!@!@ENDMSG 2187 @!@!@
@!@!@STARTMSG 2220:0 @!@!@
Starting SANY...
@!@!@ENDMSG 2220 @!@!@
Parsing file /home/tomek/postgresql-ivm/specs/IncrementalUpdate.toolbox/Model_Fairness/MC.tla
Parsing file /home/tomek/postgresql-ivm/specs/IncrementalUpdate.toolbox/Model_Fairness/incremental_update.tla
Parsing file /home/tomek/postgresql-ivm/toolbox/plugins/org.lamport.tlatools_1.0.0.201807180447/tla2sany/StandardModules/TLC.tla
Parsing file /home/tomek/postgresql-ivm/toolbox/plugins/org.lamport.tlatools_1.0.0.201807180447/tla2sany/StandardModules/Integers.tla
Parsing file /home/tomek/postgresql-ivm/toolbox/plugins/org.lamport.tlatools_1.0.0.201807180447/tla2sany/StandardModules/Bags.tla
Parsing file /home/tomek/postgresql-ivm/toolbox/plugins/org.lamport.tlatools_1.0.0.201807180447/tla2sany/StandardModules/Naturals.tla
Parsing file /home/tomek/postgresql-ivm/toolbox/plugins/org.lamport.tlatools_1.0.0.201807180447/tla2sany/StandardModules/Sequences.tla
Parsing file /home/tomek/postgresql-ivm/toolbox/plugins/org.lamport.tlatools_1.0.0.201807180447/tla2sany/StandardModules/FiniteSets.tla
Semantic processing of module Naturals
Semantic processing of module Integers
Semantic processing of module Sequences
Semantic processing of module FiniteSets
Semantic processing of module TLC
Semantic processing of module Bags
Semantic processing of module incremental_update
Semantic processing of module MC
@!@!@STARTMSG 2219:0 @!@!@
SANY finished.
@!@!@ENDMSG 2219 @!@!@
@!@!@STARTMSG 2185:0 @!@!@
Starting... (2018-12-16 14:31:05)
@!@!@ENDMSG 2185 @!@!@
@!@!@STARTMSG 2212:0 @!@!@
Implied-temporal checking--satisfiability problem has 1 branches.
@!@!@ENDMSG 2212 @!@!@
@!@!@STARTMSG 2189:0 @!@!@
Computing initial states...
@!@!@ENDMSG 2189 @!@!@
@!@!@STARTMSG 2190:0 @!@!@
Finished computing initial states: 1 distinct state generated.
@!@!@ENDMSG 2190 @!@!@
@!@!@STARTMSG 2192:0 @!@!@
Checking temporal properties for the current state space with 1059 total distinct states at (2018-12-16 14:31:09)
@!@!@ENDMSG 2192 @!@!@
@!@!@STARTMSG 2116:1 @!@!@
Temporal properties were violated.

@!@!@ENDMSG 2116 @!@!@
@!@!@STARTMSG 2264:1 @!@!@
The following behavior constitutes a counter-example:

@!@!@ENDMSG 2264 @!@!@
@!@!@STARTMSG 2217:4 @!@!@
1: <Initial predicate>
/\ mUserDoc = (<<u1, d1>> :> 0 @@ <<u1, d2>> :> 0 @@ <<u2, d1>> :> 0 @@ <<u2, d2>> :> 0)
/\ dUserGroups = (<<u1, g1>> :> 0 @@ <<u1, g2>> :> 0 @@ <<u2, g1>> :> 0 @@ <<u2, g2>> :> 0)
/\ dDocGroups = (<<d1, g1>> :> 0 @@ <<d1, g2>> :> 0 @@ <<d2, g1>> :> 0 @@ <<d2, g2>> :> 0)
/\ userGroups = (<<u1, g1>> :> 0 @@ <<u1, g2>> :> 0 @@ <<u2, g1>> :> 0 @@ <<u2, g2>> :> 0)
/\ docGroups = (<<d1, g1>> :> 0 @@ <<d1, g2>> :> 0 @@ <<d2, g1>> :> 0 @@ <<d2, g2>> :> 0)

@!@!@ENDMSG 2217 @!@!@
@!@!@STARTMSG 2217:4 @!@!@
2: <PublishDocumentForGroup line 86, col 5 to line 87, col 54 of module incremental_update>
/\ mUserDoc = (<<u1, d1>> :> 0 @@ <<u1, d2>> :> 0 @@ <<u2, d1>> :> 0 @@ <<u2, d2>> :> 0)
/\ dUserGroups = (<<u1, g1>> :> 0 @@ <<u1, g2>> :> 0 @@ <<u2, g1>> :> 0 @@ <<u2, g2>> :> 0)
/\ dDocGroups = (<<d1, g1>> :> 0 @@ <<d1, g2>> :> 0 @@ <<d2, g1>> :> 1 @@ <<d2, g2>> :> 0)
/\ userGroups = (<<u1, g1>> :> 0 @@ <<u1, g2>> :> 0 @@ <<u2, g1>> :> 0 @@ <<u2, g2>> :> 0)
/\ docGroups = (<<d1, g1>> :> 0 @@ <<d1, g2>> :> 0 @@ <<d2, g1>> :> 1 @@ <<d2, g2>> :> 0)

@!@!@ENDMSG 2217 @!@!@
@!@!@STARTMSG 2217:4 @!@!@
3: <AddUserToGroup line 78, col 5 to line 79, col 52 of module incremental_update>
/\ mUserDoc = (<<u1, d1>> :> 0 @@ <<u1, d2>> :> 0 @@ <<u2, d1>> :> 0 @@ <<u2, d2>> :> 0)
/\ dUserGroups = (<<u1, g1>> :> 0 @@ <<u1, g2>> :> 1 @@ <<u2, g1>> :> 0 @@ <<u2, g2>> :> 0)
/\ dDocGroups = (<<d1, g1>> :> 0 @@ <<d1, g2>> :> 0 @@ <<d2, g1>> :> 1 @@ <<d2, g2>> :> 0)
/\ userGroups = (<<u1, g1>> :> 0 @@ <<u1, g2>> :> 1 @@ <<u2, g1>> :> 0 @@ <<u2, g2>> :> 0)
/\ docGroups = (<<d1, g1>> :> 0 @@ <<d1, g2>> :> 0 @@ <<d2, g1>> :> 1 @@ <<d2, g2>> :> 0)

@!@!@ENDMSG 2217 @!@!@
@!@!@STARTMSG 2217:4 @!@!@
4: <AddUserToGroup line 78, col 5 to line 79, col 52 of module incremental_update>
/\ mUserDoc = (<<u1, d1>> :> 0 @@ <<u1, d2>> :> 0 @@ <<u2, d1>> :> 0 @@ <<u2, d2>> :> 0)
/\ dUserGroups = (<<u1, g1>> :> 1 @@ <<u1, g2>> :> 1 @@ <<u2, g1>> :> 0 @@ <<u2, g2>> :> 0)
/\ dDocGroups = (<<d1, g1>> :> 0 @@ <<d1, g2>> :> 0 @@ <<d2, g1>> :> 1 @@ <<d2, g2>> :> 0)
/\ userGroups = (<<u1, g1>> :> 1 @@ <<u1, g2>> :> 1 @@ <<u2, g1>> :> 0 @@ <<u2, g2>> :> 0)
/\ docGroups = (<<d1, g1>> :> 0 @@ <<d1, g2>> :> 0 @@ <<d2, g1>> :> 1 @@ <<d2, g2>> :> 0)

@!@!@ENDMSG 2217 @!@!@
@!@!@STARTMSG 2217:4 @!@!@
5: <ApplySomeUserDeltas line 118, col 24 to line 123, col 54 of module incremental_update>
/\ mUserDoc = (<<u1, d1>> :> 0 @@ <<u1, d2>> :> 0 @@ <<u2, d1>> :> 0 @@ <<u2, d2>> :> 0)
/\ dUserGroups = (<<u1, g1>> :> 0 @@ <<u1, g2>> :> 0 @@ <<u2, g1>> :> 0 @@ <<u2, g2>> :> 0)
/\ dDocGroups = (<<d1, g1>> :> 0 @@ <<d1, g2>> :> 0 @@ <<d2, g1>> :> 1 @@ <<d2, g2>> :> 0)
/\ userGroups = (<<u1, g1>> :> 1 @@ <<u1, g2>> :> 1 @@ <<u2, g1>> :> 0 @@ <<u2, g2>> :> 0)
/\ docGroups = (<<d1, g1>> :> 0 @@ <<d1, g2>> :> 0 @@ <<d2, g1>> :> 1 @@ <<d2, g2>> :> 0)

@!@!@ENDMSG 2217 @!@!@
@!@!@STARTMSG 2218:4 @!@!@
6: Stuttering
@!@!@ENDMSG 2218 @!@!@
@!@!@STARTMSG 2267:0 @!@!@
Finished checking temporal properties in 00s at 2018-12-16 14:31:09
@!@!@ENDMSG 2267 @!@!@
@!@!@STARTMSG 2201:0 @!@!@
The coverage statistics at 2018-12-16 14:31:09
@!@!@ENDMSG 2201 @!@!@
@!@!@STARTMSG 2221:0 @!@!@
  line 110, col 8 to line 110, col 47 of module incremental_update: 207
@!@!@ENDMSG 2221 @!@!@
@!@!@STARTMSG 2221:0 @!@!@
  line 111, col 8 to line 111, col 53 of module incremental_update: 207
@!@!@ENDMSG 2221 @!@!@
@!@!@STARTMSG 2221:0 @!@!@
  line 112, col 8 to line 112, col 56 of module incremental_update: 207
@!@!@ENDMSG 2221 @!@!@
@!@!@STARTMSG 2221:0 @!@!@
  line 113, col 20 to line 113, col 29 of module incremental_update: 207
@!@!@ENDMSG 2221 @!@!@
@!@!@STARTMSG 2221:0 @!@!@
  line 113, col 32 to line 113, col 40 of module incremental_update: 207
@!@!@ENDMSG 2221 @!@!@
@!@!@STARTMSG 2221:0 @!@!@
  line 121, col 8 to line 121, col 71 of module incremental_update: 1595
@!@!@ENDMSG 2221 @!@!@
@!@!@STARTMSG 2221:0 @!@!@
  line 122, col 8 to line 122, col 48 of module incremental_update: 1595
@!@!@ENDMSG 2221 @!@!@
@!@!@STARTMSG 2221:0 @!@!@
  line 123, col 20 to line 123, col 29 of module incremental_update: 1595
@!@!@ENDMSG 2221 @!@!@
@!@!@STARTMSG 2221:0 @!@!@
  line 123, col 32 to line 123, col 40 of module incremental_update: 1595
@!@!@ENDMSG 2221 @!@!@
@!@!@STARTMSG 2221:0 @!@!@
  line 123, col 43 to line 123, col 52 of module incremental_update: 1595
@!@!@ENDMSG 2221 @!@!@
@!@!@STARTMSG 2221:0 @!@!@
  line 128, col 8 to line 128, col 72 of module incremental_update: 1280
@!@!@ENDMSG 2221 @!@!@
@!@!@STARTMSG 2221:0 @!@!@
  line 129, col 8 to line 129, col 46 of module incremental_update: 1280
@!@!@ENDMSG 2221 @!@!@
@!@!@STARTMSG 2221:0 @!@!@
  line 130, col 20 to line 130, col 29 of module incremental_update: 1280
@!@!@ENDMSG 2221 @!@!@
@!@!@STARTMSG 2221:0 @!@!@
  line 130, col 32 to line 130, col 40 of module incremental_update: 1280
@!@!@ENDMSG 2221 @!@!@
@!@!@STARTMSG 2221:0 @!@!@
  line 130, col 43 to line 130, col 53 of module incremental_update: 1280
@!@!@ENDMSG 2221 @!@!@
@!@!@STARTMSG 2221:0 @!@!@
  line 69, col 8 to line 69, col 48 of module incremental_update: 2000
@!@!@ENDMSG 2221 @!@!@
@!@!@STARTMSG 2221:0 @!@!@
  line 70, col 8 to line 70, col 51 of module incremental_update: 2000
@!@!@ENDMSG 2221 @!@!@
@!@!@STARTMSG 2221:0 @!@!@
  line 74, col 8 to line 74, col 35 of module incremental_update: 609
@!@!@ENDMSG 2221 @!@!@
@!@!@STARTMSG 2221:0 @!@!@
  line 75, col 8 to line 75, col 37 of module incremental_update: 609
@!@!@ENDMSG 2221 @!@!@
@!@!@STARTMSG 2221:0 @!@!@
  line 79, col 20 to line 79, col 28 of module incremental_update: 1000
@!@!@ENDMSG 2221 @!@!@
@!@!@STARTMSG 2221:0 @!@!@
  line 79, col 31 to line 79, col 40 of module incremental_update: 1000
@!@!@ENDMSG 2221 @!@!@
@!@!@STARTMSG 2221:0 @!@!@
  line 79, col 43 to line 79, col 50 of module incremental_update: 1000
@!@!@ENDMSG 2221 @!@!@
@!@!@STARTMSG 2221:0 @!@!@
  line 83, col 20 to line 83, col 28 of module incremental_update: 363
@!@!@ENDMSG 2221 @!@!@
@!@!@STARTMSG 2221:0 @!@!@
  line 83, col 31 to line 83, col 40 of module incremental_update: 363
@!@!@ENDMSG 2221 @!@!@
@!@!@STARTMSG 2221:0 @!@!@
  line 83, col 43 to line 83, col 50 of module incremental_update: 363
@!@!@ENDMSG 2221 @!@!@
@!@!@STARTMSG 2221:0 @!@!@
  line 87, col 20 to line 87, col 29 of module incremental_update: 1000
@!@!@ENDMSG 2221 @!@!@
@!@!@STARTMSG 2221:0 @!@!@
  line 87, col 32 to line 87, col 42 of module incremental_update: 1000
@!@!@ENDMSG 2221 @!@!@
@!@!@STARTMSG 2221:0 @!@!@
  line 87, col 45 to line 87, col 52 of module incremental_update: 1000
@!@!@ENDMSG 2221 @!@!@
@!@!@STARTMSG 2221:0 @!@!@
  line 91, col 20 to line 91, col 29 of module incremental_update: 246
@!@!@ENDMSG 2221 @!@!@
@!@!@STARTMSG 2221:0 @!@!@
  line 91, col 32 to line 91, col 42 of module incremental_update: 246
@!@!@ENDMSG 2221 @!@!@
@!@!@STARTMSG 2221:0 @!@!@
  line 91, col 45 to line 91, col 52 of module incremental_update: 246
@!@!@ENDMSG 2221 @!@!@
@!@!@STARTMSG 2202:0 @!@!@
End of statistics.
@!@!@ENDMSG 2202 @!@!@
@!@!@STARTMSG 2200:0 @!@!@
Progress(6) at 2018-12-16 14:31:09: 5692 states generated (90 397 s/min), 1059 distinct states found (16 818 ds/min), 809 states left on queue.
@!@!@ENDMSG 2200 @!@!@
@!@!@STARTMSG 2199:0 @!@!@
5692 states generated, 1059 distinct states found, 809 states left on queue.
@!@!@ENDMSG 2199 @!@!@
@!@!@STARTMSG 2186:0 @!@!@
Finished in 4557ms at (2018-12-16 14:31:09)
@!@!@ENDMSG 2186 @!@!@
