@!@!@STARTMSG 2262:0 @!@!@
TLC2 Version 2.13 of 18 July 2018
@!@!@ENDMSG 2262 @!@!@
@!@!@STARTMSG 2187:0 @!@!@
Running breadth-first search Model-Checking with seed 3688119431617535915 with 2 workers on 4 cores with 304MB heap and 683MB offheap memory (Linux 4.18.0-12-generic amd64, Oracle Corporation 1.8.0_191 x86_64).
@!@!@ENDMSG 2187 @!@!@
@!@!@STARTMSG 2220:0 @!@!@
Starting SANY...
@!@!@ENDMSG 2220 @!@!@
Parsing file /home/tomek/postgresql-ivm/specs/IncrementalUpdate.toolbox/Model_1/MC.tla
Parsing file /home/tomek/postgresql-ivm/specs/IncrementalUpdate.toolbox/Model_1/incremental_update.tla
Parsing file /home/tomek/postgresql-ivm/toolbox/plugins/org.lamport.tlatools_1.0.0.201807180447/tla2sany/StandardModules/TLC.tla
Parsing file /home/tomek/postgresql-ivm/toolbox/plugins/org.lamport.tlatools_1.0.0.201807180447/tla2sany/StandardModules/Integers.tla
Parsing file /home/tomek/postgresql-ivm/toolbox/plugins/org.lamport.tlatools_1.0.0.201807180447/tla2sany/StandardModules/Bags.tla
Parsing file /home/tomek/postgresql-ivm/toolbox/plugins/org.lamport.tlatools_1.0.0.201807180447/tla2sany/StandardModules/Naturals.tla
Parsing file /home/tomek/postgresql-ivm/toolbox/plugins/org.lamport.tlatools_1.0.0.201807180447/tla2sany/StandardModules/Sequences.tla
Parsing file /home/tomek/postgresql-ivm/toolbox/plugins/org.lamport.tlatools_1.0.0.201807180447/tla2sany/StandardModules/FiniteSets.tla
Semantic processing of module Naturals
Semantic processing of module Integers
Semantic processing of module Sequences
Semantic processing of module FiniteSets
Semantic processing of module TLC
Semantic processing of module Bags
Semantic processing of module incremental_update
Semantic processing of module MC
@!@!@STARTMSG 2219:0 @!@!@
SANY finished.
@!@!@ENDMSG 2219 @!@!@
@!@!@STARTMSG 2185:0 @!@!@
Starting... (2018-12-16 12:16:15)
@!@!@ENDMSG 2185 @!@!@
@!@!@STARTMSG 2189:0 @!@!@
Computing initial states...
@!@!@ENDMSG 2189 @!@!@
@!@!@STARTMSG 2190:0 @!@!@
Finished computing initial states: 1 distinct state generated.
@!@!@ENDMSG 2190 @!@!@
@!@!@STARTMSG 1000:1 @!@!@
TLC threw an unexpected exception.
This was probably caused by an error in the spec or model.
See the User Output or TLC Console for clues to what happened.
The exception was a java.lang.RuntimeException
: In applying the function
(<< >> :> {<<>>}),
the first argument is:
(<<u1, g1>> :> 0 @@ <<u1, g2>> :> 0 @@ <<u2, g1>> :> 0 @@ <<u2, g2>> :> 0)
which is not in its domain.

@!@!@ENDMSG 1000 @!@!@
@!@!@STARTMSG 2121:1 @!@!@
The behavior up to this point is:
@!@!@ENDMSG 2121 @!@!@
@!@!@STARTMSG 2217:4 @!@!@
1: <Initial predicate>
/\ mUserDoc = (<<u1, d1>> :> 0 @@ <<u1, d2>> :> 0 @@ <<u2, d1>> :> 0 @@ <<u2, d2>> :> 0)
/\ dUserGroups = (<<u1, g1>> :> 0 @@ <<u1, g2>> :> 0 @@ <<u2, g1>> :> 0 @@ <<u2, g2>> :> 0)
/\ dDocGroups = (<<d1, g1>> :> 0 @@ <<d1, g2>> :> 0 @@ <<d2, g1>> :> 0 @@ <<d2, g2>> :> 0)
/\ userGroups = (<<u1, g1>> :> 0 @@ <<u1, g2>> :> 0 @@ <<u2, g1>> :> 0 @@ <<u2, g2>> :> 0)
/\ docGroups = (<<d1, g1>> :> 0 @@ <<d1, g2>> :> 0 @@ <<d2, g1>> :> 0 @@ <<d2, g2>> :> 0)

@!@!@ENDMSG 2217 @!@!@
@!@!@STARTMSG 2147:1 @!@!@
TLC was unable to fingerprint.

Fingerprint Stack Trace:
0) line 107, col 7 to line 110, col 68 of module Bags

Reason:
In applying the function
(<< >> :> {<<>>}),
the first argument is:
(<<u1, g1>> :> 0 @@ <<u1, g2>> :> 0 @@ <<u2, g1>> :> 0 @@ <<u2, g2>> :> 0)
which is not in its domain.

@!@!@ENDMSG 2147 @!@!@
@!@!@STARTMSG 2201:0 @!@!@
The coverage statistics at 2018-12-16 12:16:16
@!@!@ENDMSG 2201 @!@!@
@!@!@STARTMSG 2221:0 @!@!@
  line 105, col 8 to line 105, col 47 of module incremental_update: 0
@!@!@ENDMSG 2221 @!@!@
@!@!@STARTMSG 2221:0 @!@!@
  line 106, col 8 to line 106, col 53 of module incremental_update: 0
@!@!@ENDMSG 2221 @!@!@
@!@!@STARTMSG 2221:0 @!@!@
  line 107, col 8 to line 107, col 56 of module incremental_update: 0
@!@!@ENDMSG 2221 @!@!@
@!@!@STARTMSG 2221:0 @!@!@
  line 108, col 20 to line 108, col 29 of module incremental_update: 0
@!@!@ENDMSG 2221 @!@!@
@!@!@STARTMSG 2221:0 @!@!@
  line 108, col 32 to line 108, col 40 of module incremental_update: 0
@!@!@ENDMSG 2221 @!@!@
@!@!@STARTMSG 2221:0 @!@!@
  line 114, col 8 to line 114, col 71 of module incremental_update: 0
@!@!@ENDMSG 2221 @!@!@
@!@!@STARTMSG 2221:0 @!@!@
  line 115, col 8 to line 115, col 48 of module incremental_update: 0
@!@!@ENDMSG 2221 @!@!@
@!@!@STARTMSG 2221:0 @!@!@
  line 116, col 20 to line 116, col 29 of module incremental_update: 0
@!@!@ENDMSG 2221 @!@!@
@!@!@STARTMSG 2221:0 @!@!@
  line 116, col 32 to line 116, col 40 of module incremental_update: 0
@!@!@ENDMSG 2221 @!@!@
@!@!@STARTMSG 2221:0 @!@!@
  line 116, col 43 to line 116, col 52 of module incremental_update: 0
@!@!@ENDMSG 2221 @!@!@
@!@!@STARTMSG 2221:0 @!@!@
  line 69, col 8 to line 69, col 48 of module incremental_update: 16
@!@!@ENDMSG 2221 @!@!@
@!@!@STARTMSG 2221:0 @!@!@
  line 70, col 8 to line 70, col 51 of module incremental_update: 16
@!@!@ENDMSG 2221 @!@!@
@!@!@STARTMSG 2221:0 @!@!@
  line 74, col 8 to line 74, col 35 of module incremental_update: 1
@!@!@ENDMSG 2221 @!@!@
@!@!@STARTMSG 2221:0 @!@!@
  line 75, col 8 to line 75, col 37 of module incremental_update: 1
@!@!@ENDMSG 2221 @!@!@
@!@!@STARTMSG 2221:0 @!@!@
  line 79, col 20 to line 79, col 28 of module incremental_update: 8
@!@!@ENDMSG 2221 @!@!@
@!@!@STARTMSG 2221:0 @!@!@
  line 79, col 31 to line 79, col 40 of module incremental_update: 8
@!@!@ENDMSG 2221 @!@!@
@!@!@STARTMSG 2221:0 @!@!@
  line 79, col 43 to line 79, col 50 of module incremental_update: 8
@!@!@ENDMSG 2221 @!@!@
@!@!@STARTMSG 2221:0 @!@!@
  line 83, col 20 to line 83, col 28 of module incremental_update: 1
@!@!@ENDMSG 2221 @!@!@
@!@!@STARTMSG 2221:0 @!@!@
  line 83, col 31 to line 83, col 40 of module incremental_update: 1
@!@!@ENDMSG 2221 @!@!@
@!@!@STARTMSG 2221:0 @!@!@
  line 83, col 43 to line 83, col 50 of module incremental_update: 1
@!@!@ENDMSG 2221 @!@!@
@!@!@STARTMSG 2221:0 @!@!@
  line 87, col 20 to line 87, col 29 of module incremental_update: 8
@!@!@ENDMSG 2221 @!@!@
@!@!@STARTMSG 2221:0 @!@!@
  line 87, col 32 to line 87, col 42 of module incremental_update: 8
@!@!@ENDMSG 2221 @!@!@
@!@!@STARTMSG 2221:0 @!@!@
  line 87, col 45 to line 87, col 52 of module incremental_update: 8
@!@!@ENDMSG 2221 @!@!@
@!@!@STARTMSG 2221:0 @!@!@
  line 91, col 20 to line 91, col 29 of module incremental_update: 0
@!@!@ENDMSG 2221 @!@!@
@!@!@STARTMSG 2221:0 @!@!@
  line 91, col 32 to line 91, col 42 of module incremental_update: 0
@!@!@ENDMSG 2221 @!@!@
@!@!@STARTMSG 2221:0 @!@!@
  line 91, col 45 to line 91, col 52 of module incremental_update: 0
@!@!@ENDMSG 2221 @!@!@
@!@!@STARTMSG 2202:0 @!@!@
End of statistics.
@!@!@ENDMSG 2202 @!@!@
@!@!@STARTMSG 2200:0 @!@!@
Progress(3) at 2018-12-16 12:16:16: 18 states generated (1 510 s/min), 8 distinct states found (671 ds/min), 6 states left on queue.
@!@!@ENDMSG 2200 @!@!@
@!@!@STARTMSG 2199:0 @!@!@
18 states generated, 8 distinct states found, 6 states left on queue.
@!@!@ENDMSG 2199 @!@!@
@!@!@STARTMSG 2194:0 @!@!@
The depth of the complete state graph search is 3.
@!@!@ENDMSG 2194 @!@!@
@!@!@STARTMSG 2186:0 @!@!@
Finished in 1372ms at (2018-12-16 12:16:16)
@!@!@ENDMSG 2186 @!@!@
