@!@!@STARTMSG 2262:0 @!@!@
TLC2 Version 2.13 of 18 July 2018
@!@!@ENDMSG 2262 @!@!@
@!@!@STARTMSG 2187:0 @!@!@
Running breadth-first search Model-Checking with seed 3320961141228249553 with 2 workers on 4 cores with 304MB heap and 683MB offheap memory (Linux 4.18.0-12-generic amd64, Oracle Corporation 1.8.0_191 x86_64).
@!@!@ENDMSG 2187 @!@!@
@!@!@STARTMSG 2220:0 @!@!@
Starting SANY...
@!@!@ENDMSG 2220 @!@!@
Parsing file /home/tomek/postgresql-ivm/specs/IncrementalUpdate.toolbox/Model_1/MC.tla
Parsing file /home/tomek/postgresql-ivm/specs/IncrementalUpdate.toolbox/Model_1/incremental_update.tla
Parsing file /home/tomek/postgresql-ivm/toolbox/plugins/org.lamport.tlatools_1.0.0.201807180447/tla2sany/StandardModules/TLC.tla
Parsing file /home/tomek/postgresql-ivm/toolbox/plugins/org.lamport.tlatools_1.0.0.201807180447/tla2sany/StandardModules/Integers.tla
Parsing file /home/tomek/postgresql-ivm/toolbox/plugins/org.lamport.tlatools_1.0.0.201807180447/tla2sany/StandardModules/Bags.tla
Parsing file /home/tomek/postgresql-ivm/toolbox/plugins/org.lamport.tlatools_1.0.0.201807180447/tla2sany/StandardModules/Naturals.tla
Parsing file /home/tomek/postgresql-ivm/toolbox/plugins/org.lamport.tlatools_1.0.0.201807180447/tla2sany/StandardModules/Sequences.tla
Parsing file /home/tomek/postgresql-ivm/toolbox/plugins/org.lamport.tlatools_1.0.0.201807180447/tla2sany/StandardModules/FiniteSets.tla
Semantic processing of module Naturals
Semantic processing of module Integers
Semantic processing of module Sequences
Semantic processing of module FiniteSets
Semantic processing of module TLC
Semantic processing of module Bags
Semantic processing of module incremental_update
Semantic processing of module MC
@!@!@STARTMSG 2219:0 @!@!@
SANY finished.
@!@!@ENDMSG 2219 @!@!@
@!@!@STARTMSG 2185:0 @!@!@
Starting... (2018-12-16 00:24:20)
@!@!@ENDMSG 2185 @!@!@
@!@!@STARTMSG 2189:0 @!@!@
Computing initial states...
@!@!@ENDMSG 2189 @!@!@
@!@!@STARTMSG 2102:1 @!@!@
Attempted to check equality of the function ( <<d0, d0>> :> 0 @@
  <<d0, d1>> :> 0 @@
  <<d0, d2>> :> 0 @@
  <<d1, d0>> :> 0 @@
  <<d1, d1>> :> 0 @@
  <<d1, d2>> :> 0 @@
  <<d2, d0>> :> 0 @@
  <<d2, d1>> :> 0 @@
  <<d2, d2>> :> 0 ) with the value:
{}
While working on the initial state:
/\ link = ( <<d0, d0>> :> 0 @@
  <<d0, d1>> :> 0 @@
  <<d0, d2>> :> 0 @@
  <<d1, d0>> :> 0 @@
  <<d1, d1>> :> 0 @@
  <<d1, d2>> :> 0 @@
  <<d2, d0>> :> 0 @@
  <<d2, d1>> :> 0 @@
  <<d2, d2>> :> 0 )
/\ mHop = ( <<d0, d0>> :> 0 @@
  <<d0, d1>> :> 0 @@
  <<d0, d2>> :> 0 @@
  <<d1, d0>> :> 0 @@
  <<d1, d1>> :> 0 @@
  <<d1, d2>> :> 0 @@
  <<d2, d0>> :> 0 @@
  <<d2, d1>> :> 0 @@
  <<d2, d2>> :> 0 )
/\ dLink = ( <<d0, d0>> :> 0 @@
  <<d0, d1>> :> 0 @@
  <<d0, d2>> :> 0 @@
  <<d1, d0>> :> 0 @@
  <<d1, d1>> :> 0 @@
  <<d1, d2>> :> 0 @@
  <<d2, d0>> :> 0 @@
  <<d2, d1>> :> 0 @@
  <<d2, d2>> :> 0 )

@!@!@ENDMSG 2102 @!@!@
@!@!@STARTMSG 2147:1 @!@!@
TLC was unable to fingerprint.

Fingerprint Stack Trace:
0) line 13, col 19 to line 13, col 26 of module incremental_update

Reason:
Attempted to check equality of the function ( <<d0, d0>> :> 0 @@
  <<d0, d1>> :> 0 @@
  <<d0, d2>> :> 0 @@
  <<d1, d0>> :> 0 @@
  <<d1, d1>> :> 0 @@
  <<d1, d2>> :> 0 @@
  <<d2, d0>> :> 0 @@
  <<d2, d1>> :> 0 @@
  <<d2, d2>> :> 0 ) with the value:
{}
@!@!@ENDMSG 2147 @!@!@
@!@!@STARTMSG 2201:0 @!@!@
The coverage statistics at 2018-12-16 00:24:21
@!@!@ENDMSG 2201 @!@!@
@!@!@STARTMSG 2221:0 @!@!@
  line 62, col 8 to line 62, col 37 of module incremental_update: 0
@!@!@ENDMSG 2221 @!@!@
@!@!@STARTMSG 2221:0 @!@!@
  line 63, col 8 to line 63, col 50 of module incremental_update: 0
@!@!@ENDMSG 2221 @!@!@
@!@!@STARTMSG 2221:0 @!@!@
  line 64, col 20 to line 64, col 23 of module incremental_update: 0
@!@!@ENDMSG 2221 @!@!@
@!@!@STARTMSG 2221:0 @!@!@
  line 68, col 8 to line 68, col 37 of module incremental_update: 0
@!@!@ENDMSG 2221 @!@!@
@!@!@STARTMSG 2221:0 @!@!@
  line 69, col 8 to line 69, col 50 of module incremental_update: 0
@!@!@ENDMSG 2221 @!@!@
@!@!@STARTMSG 2221:0 @!@!@
  line 70, col 20 to line 70, col 23 of module incremental_update: 0
@!@!@ENDMSG 2221 @!@!@
@!@!@STARTMSG 2221:0 @!@!@
  line 77, col 8 to line 77, col 35 of module incremental_update: 0
@!@!@ENDMSG 2221 @!@!@
@!@!@STARTMSG 2221:0 @!@!@
  line 78, col 8 to line 78, col 48 of module incremental_update: 0
@!@!@ENDMSG 2221 @!@!@
@!@!@STARTMSG 2221:0 @!@!@
  line 79, col 20 to line 79, col 23 of module incremental_update: 0
@!@!@ENDMSG 2221 @!@!@
@!@!@STARTMSG 2202:0 @!@!@
End of statistics.
@!@!@ENDMSG 2202 @!@!@
@!@!@STARTMSG 2200:0 @!@!@
Progress(0) at 2018-12-16 00:24:21: 1 states generated (155 s/min), 0 distinct states found (0 ds/min), 0 states left on queue.
@!@!@ENDMSG 2200 @!@!@
@!@!@STARTMSG 2199:0 @!@!@
1 states generated, 0 distinct states found, 0 states left on queue.
@!@!@ENDMSG 2199 @!@!@
@!@!@STARTMSG 2186:0 @!@!@
Finished in 1022ms at (2018-12-16 00:24:21)
@!@!@ENDMSG 2186 @!@!@
